core file size          (blocks, -c) 0
data seg size           (kbytes, -d) unlimited
file size               (blocks, -f) unlimited
max locked memory       (kbytes, -l) unlimited
max memory size         (kbytes, -m) unlimited
open files                      (-n) 256
pipe size            (512 bytes, -p) 1
stack size              (kbytes, -s) 8176
cpu time               (seconds, -t) unlimited
max user processes              (-u) 1333
virtual memory          (kbytes, -v) unlimited
Nov 16, 2022 12:49:19 PM com.sun.jersey.guice.spi.container.GuiceComponentProviderFactory register
INFO: Registering org.apache.hadoop.yarn.server.nodemanager.webapp.NMWebServices as a root resource class
Nov 16, 2022 12:49:19 PM com.sun.jersey.guice.spi.container.GuiceComponentProviderFactory register
INFO: Registering org.apache.hadoop.yarn.webapp.GenericExceptionHandler as a provider class
Nov 16, 2022 12:49:19 PM com.sun.jersey.guice.spi.container.GuiceComponentProviderFactory register
INFO: Registering org.apache.hadoop.yarn.server.nodemanager.webapp.JAXBContextResolver as a provider class
Nov 16, 2022 12:49:19 PM com.sun.jersey.server.impl.application.WebApplicationImpl _initiate
INFO: Initiating Jersey application, version 'Jersey: 1.19 02/11/2015 03:25 AM'
Nov 16, 2022 12:49:19 PM com.sun.jersey.guice.spi.container.GuiceComponentProviderFactory getComponentProvider
INFO: Binding org.apache.hadoop.yarn.server.nodemanager.webapp.JAXBContextResolver to GuiceManagedComponentProvider with the scope "Singleton"
Nov 16, 2022 12:49:19 PM com.sun.jersey.guice.spi.container.GuiceComponentProviderFactory getComponentProvider
INFO: Binding org.apache.hadoop.yarn.webapp.GenericExceptionHandler to GuiceManagedComponentProvider with the scope "Singleton"
Nov 16, 2022 12:49:19 PM com.sun.jersey.guice.spi.container.GuiceComponentProviderFactory getComponentProvider
INFO: Binding org.apache.hadoop.yarn.server.nodemanager.webapp.NMWebServices to GuiceManagedComponentProvider with the scope "Singleton"
