Spark Command: /Library/Java/JavaVirtualMachines/adoptopenjdk-8.jdk/Contents/Home/bin/java -cp /Users/ravirajpurohit/Downloads/Developer/MSCS/cc/spark-3.1.2-bin-hadoop3.2/conf/:/Users/ravirajpurohit/Downloads/Developer/MSCS/cc/spark-3.1.2-bin-hadoop3.2/jars/*:/Users/ravirajpurohit/Downloads/Developer/MSCS/cc/hadoop-3.2.2//etc/hadoop/ -Xmx1g org.apache.spark.deploy.history.HistoryServer
========================================
2022-11-16 13:00:24,037 INFO history.HistoryServer: Started daemon with process name: 35685@Ravis-MacBook-Air.local
2022-11-16 13:00:24,064 INFO util.SignalUtils: Registering signal handler for TERM
2022-11-16 13:00:24,065 INFO util.SignalUtils: Registering signal handler for HUP
2022-11-16 13:00:24,065 INFO util.SignalUtils: Registering signal handler for INT
2022-11-16 13:00:24,231 WARN util.Utils: Your hostname, Ravis-MacBook-Air.local resolves to a loopback address: 127.0.0.1; using 172.16.0.6 instead (on interface en0)
2022-11-16 13:00:24,232 WARN util.Utils: Set SPARK_LOCAL_IP if you need to bind to another address
2022-11-16 13:00:24,602 WARN util.NativeCodeLoader: Unable to load native-hadoop library for your platform... using builtin-java classes where applicable
2022-11-16 13:00:24,700 INFO spark.SecurityManager: Changing view acls to: ravirajpurohit
2022-11-16 13:00:24,700 INFO spark.SecurityManager: Changing modify acls to: ravirajpurohit
2022-11-16 13:00:24,700 INFO spark.SecurityManager: Changing view acls groups to: 
2022-11-16 13:00:24,701 INFO spark.SecurityManager: Changing modify acls groups to: 
2022-11-16 13:00:24,701 INFO spark.SecurityManager: SecurityManager: authentication disabled; ui acls disabled; users  with view permissions: Set(ravirajpurohit); groups with view permissions: Set(); users  with modify permissions: Set(ravirajpurohit); groups with modify permissions: Set()
2022-11-16 13:00:24,829 INFO history.FsHistoryProvider: History server ui acls disabled; users with admin permissions: ; groups with admin permissions: 
2022-11-16 13:00:25,389 INFO util.log: Logging initialized @2556ms to org.sparkproject.jetty.util.log.Slf4jLog
2022-11-16 13:00:25,457 INFO server.Server: jetty-9.4.40.v20210413; built: 2021-04-13T20:42:42.668Z; git: b881a572662e1943a14ae12e7e1207989f218b74; jvm 1.8.0_292-b10
2022-11-16 13:00:25,496 INFO server.Server: Started @2663ms
2022-11-16 13:00:25,568 INFO server.AbstractConnector: Started ServerConnector@1c8269af{HTTP/1.1, (http/1.1)}{0.0.0.0:18080}
2022-11-16 13:00:25,570 INFO util.Utils: Successfully started service on port 18080.
2022-11-16 13:00:25,612 INFO handler.ContextHandler: Started o.s.j.s.ServletContextHandler@a50b09c{/,null,AVAILABLE,@Spark}
2022-11-16 13:00:25,615 INFO handler.ContextHandler: Started o.s.j.s.ServletContextHandler@4eeea57d{/json,null,AVAILABLE,@Spark}
2022-11-16 13:00:25,616 INFO handler.ContextHandler: Started o.s.j.s.ServletContextHandler@e24ddd0{/api,null,AVAILABLE,@Spark}
2022-11-16 13:00:25,636 INFO handler.ContextHandler: Started o.s.j.s.ServletContextHandler@3aa3193a{/static,null,AVAILABLE,@Spark}
2022-11-16 13:00:25,637 INFO handler.ContextHandler: Started o.s.j.s.ServletContextHandler@6970140a{/history,null,AVAILABLE,@Spark}
2022-11-16 13:00:25,640 INFO history.HistoryServer: Bound HistoryServer to 0.0.0.0, and started at http://172.16.0.6:18080
2022-11-16 13:57:15,597 INFO history.FsHistoryProvider: Parsing hdfs://localhost:9000/spark-logs/application_1668624557745_0001.inprogress for listing data...
2022-11-16 13:57:16,678 INFO history.FsHistoryProvider: Finished parsing hdfs://localhost:9000/spark-logs/application_1668624557745_0001.inprogress
2022-11-16 13:57:25,630 INFO history.FsHistoryProvider: Parsing hdfs://localhost:9000/spark-logs/application_1668624557745_0001 for listing data...
2022-11-16 13:57:25,696 INFO history.FsHistoryProvider: Finished parsing hdfs://localhost:9000/spark-logs/application_1668624557745_0001
2022-11-16 13:59:46,063 INFO history.FsHistoryProvider: Parsing hdfs://localhost:9000/spark-logs/application_1668624557745_0002.inprogress for listing data...
2022-11-16 13:59:46,116 INFO history.FsHistoryProvider: Finished parsing hdfs://localhost:9000/spark-logs/application_1668624557745_0002.inprogress
2022-11-16 14:00:26,413 INFO history.FsHistoryProvider: Parsing hdfs://localhost:9000/spark-logs/application_1668624557745_0002 for listing data...
2022-11-16 14:00:26,518 INFO history.FsHistoryProvider: Finished parsing hdfs://localhost:9000/spark-logs/application_1668624557745_0002
2022-11-17 05:39:45,012 ERROR history.HistoryServer: RECEIVED SIGNAL TERM
2022-11-17 05:39:45,398 INFO server.AbstractConnector: Stopped Spark@1c8269af{HTTP/1.1, (http/1.1)}{0.0.0.0:18080}
2022-11-17 05:39:45,499 INFO util.ShutdownHookManager: Shutdown hook called
2022-11-17 05:39:45,780 ERROR conf.Configuration: error parsing conf core-site.xml
java.io.FileNotFoundException: /Users/ravirajpurohit/Downloads/Developer/MSCS/cc/hadoop-3.2.2/etc/hadoop/core-site.xml (Operation not permitted)
	at java.io.FileInputStream.open0(Native Method)
	at java.io.FileInputStream.open(FileInputStream.java:195)
	at java.io.FileInputStream.<init>(FileInputStream.java:138)
	at java.io.FileInputStream.<init>(FileInputStream.java:93)
	at sun.net.www.protocol.file.FileURLConnection.connect(FileURLConnection.java:90)
	at sun.net.www.protocol.file.FileURLConnection.getInputStream(FileURLConnection.java:188)
	at org.apache.hadoop.conf.Configuration.parse(Configuration.java:2900)
	at org.apache.hadoop.conf.Configuration.getStreamReader(Configuration.java:2994)
	at org.apache.hadoop.conf.Configuration.loadResource(Configuration.java:2952)
	at org.apache.hadoop.conf.Configuration.loadResources(Configuration.java:2925)
	at org.apache.hadoop.conf.Configuration.getProps(Configuration.java:2805)
	at org.apache.hadoop.conf.Configuration.get(Configuration.java:1199)
	at org.apache.hadoop.conf.Configuration.getTimeDuration(Configuration.java:1787)
	at org.apache.hadoop.util.ShutdownHookManager.getShutdownTimeout(ShutdownHookManager.java:183)
	at org.apache.hadoop.util.ShutdownHookManager.shutdownExecutor(ShutdownHookManager.java:145)
	at org.apache.hadoop.util.ShutdownHookManager.access$300(ShutdownHookManager.java:65)
	at org.apache.hadoop.util.ShutdownHookManager$1.run(ShutdownHookManager.java:102)
Exception in thread "Thread-3" java.lang.RuntimeException: java.io.FileNotFoundException: /Users/ravirajpurohit/Downloads/Developer/MSCS/cc/hadoop-3.2.2/etc/hadoop/core-site.xml (Operation not permitted)
	at org.apache.hadoop.conf.Configuration.loadResource(Configuration.java:2978)
	at org.apache.hadoop.conf.Configuration.loadResources(Configuration.java:2925)
	at org.apache.hadoop.conf.Configuration.getProps(Configuration.java:2805)
	at org.apache.hadoop.conf.Configuration.get(Configuration.java:1199)
	at org.apache.hadoop.conf.Configuration.getTimeDuration(Configuration.java:1787)
	at org.apache.hadoop.util.ShutdownHookManager.getShutdownTimeout(ShutdownHookManager.java:183)
	at org.apache.hadoop.util.ShutdownHookManager.shutdownExecutor(ShutdownHookManager.java:145)
	at org.apache.hadoop.util.ShutdownHookManager.access$300(ShutdownHookManager.java:65)
	at org.apache.hadoop.util.ShutdownHookManager$1.run(ShutdownHookManager.java:102)
Caused by: java.io.FileNotFoundException: /Users/ravirajpurohit/Downloads/Developer/MSCS/cc/hadoop-3.2.2/etc/hadoop/core-site.xml (Operation not permitted)
	at java.io.FileInputStream.open0(Native Method)
	at java.io.FileInputStream.open(FileInputStream.java:195)
	at java.io.FileInputStream.<init>(FileInputStream.java:138)
	at java.io.FileInputStream.<init>(FileInputStream.java:93)
	at sun.net.www.protocol.file.FileURLConnection.connect(FileURLConnection.java:90)
	at sun.net.www.protocol.file.FileURLConnection.getInputStream(FileURLConnection.java:188)
	at org.apache.hadoop.conf.Configuration.parse(Configuration.java:2900)
	at org.apache.hadoop.conf.Configuration.getStreamReader(Configuration.java:2994)
	at org.apache.hadoop.conf.Configuration.loadResource(Configuration.java:2952)
	... 8 more
