Spark Command: /Library/Java/JavaVirtualMachines/adoptopenjdk-8.jdk/Contents/Home/bin/java -cp /Users/ravirajpurohit/Downloads/Developer/MSCS/cc/spark-3.1.2-bin-hadoop3.2/conf/:/Users/ravirajpurohit/Downloads/Developer/MSCS/cc/spark-3.1.2-bin-hadoop3.2/jars/* -Xmx1g org.apache.spark.deploy.worker.Worker --webui-port 8081 spark://Ravis-MacBook-Air.local:7077
========================================
Using Spark's default log4j profile: org/apache/spark/log4j-defaults.properties
22/11/16 03:48:43 INFO Worker: Started daemon with process name: 30749@Ravis-MacBook-Air.local
22/11/16 03:48:43 INFO SignalUtils: Registering signal handler for TERM
22/11/16 03:48:43 INFO SignalUtils: Registering signal handler for HUP
22/11/16 03:48:43 INFO SignalUtils: Registering signal handler for INT
22/11/16 03:48:43 WARN Utils: Your hostname, Ravis-MacBook-Air.local resolves to a loopback address: 127.0.0.1; using 172.16.0.6 instead (on interface en0)
22/11/16 03:48:43 WARN Utils: Set SPARK_LOCAL_IP if you need to bind to another address
22/11/16 03:48:43 WARN NativeCodeLoader: Unable to load native-hadoop library for your platform... using builtin-java classes where applicable
22/11/16 03:48:43 INFO SecurityManager: Changing view acls to: ravirajpurohit
22/11/16 03:48:43 INFO SecurityManager: Changing modify acls to: ravirajpurohit
22/11/16 03:48:43 INFO SecurityManager: Changing view acls groups to: 
22/11/16 03:48:43 INFO SecurityManager: Changing modify acls groups to: 
22/11/16 03:48:43 INFO SecurityManager: SecurityManager: authentication disabled; ui acls disabled; users  with view permissions: Set(ravirajpurohit); groups with view permissions: Set(); users  with modify permissions: Set(ravirajpurohit); groups with modify permissions: Set()
22/11/16 03:48:44 INFO Utils: Successfully started service 'sparkWorker' on port 65523.
22/11/16 03:48:44 INFO Worker: Worker decommissioning not enabled, SIGPWR will result in exiting.
22/11/16 03:48:44 INFO Worker: Starting Spark worker 172.16.0.6:65523 with 8 cores, 7.0 GiB RAM
22/11/16 03:48:44 INFO Worker: Running Spark version 3.1.2
22/11/16 03:48:44 INFO Worker: Spark home: /Users/ravirajpurohit/Downloads/Developer/MSCS/cc/spark-3.1.2-bin-hadoop3.2
22/11/16 03:48:44 INFO ResourceUtils: ==============================================================
22/11/16 03:48:44 INFO ResourceUtils: No custom resources configured for spark.worker.
22/11/16 03:48:44 INFO ResourceUtils: ==============================================================
22/11/16 03:48:44 INFO Utils: Successfully started service 'WorkerUI' on port 8081.
22/11/16 03:48:44 INFO WorkerWebUI: Bound WorkerWebUI to 0.0.0.0, and started at http://172.16.0.6:8081
22/11/16 03:48:44 INFO Worker: Connecting to master Ravis-MacBook-Air.local:7077...
22/11/16 03:48:44 INFO TransportClientFactory: Successfully created connection to Ravis-MacBook-Air.local/127.0.0.1:7077 after 43 ms (0 ms spent in bootstraps)
22/11/16 03:48:44 INFO Worker: Successfully registered with master spark://Ravis-MacBook-Air.local:7077
22/11/16 03:50:18 INFO Worker: Asked to launch executor app-20221116035018-0000/0 for file1_DEFAULT
22/11/16 03:50:18 INFO SecurityManager: Changing view acls to: ravirajpurohit
22/11/16 03:50:18 INFO SecurityManager: Changing modify acls to: ravirajpurohit
22/11/16 03:50:18 INFO SecurityManager: Changing view acls groups to: 
22/11/16 03:50:18 INFO SecurityManager: Changing modify acls groups to: 
22/11/16 03:50:18 INFO SecurityManager: SecurityManager: authentication disabled; ui acls disabled; users  with view permissions: Set(ravirajpurohit); groups with view permissions: Set(); users  with modify permissions: Set(ravirajpurohit); groups with modify permissions: Set()
22/11/16 03:50:18 INFO ExecutorRunner: Launch command: "/Library/Java/JavaVirtualMachines/adoptopenjdk-8.jdk/Contents/Home/bin/java" "-cp" "/Users/ravirajpurohit/Downloads/Developer/MSCS/cc/spark-3.1.2-bin-hadoop3.2/conf/:/Users/ravirajpurohit/Downloads/Developer/MSCS/cc/spark-3.1.2-bin-hadoop3.2/jars/*" "-Xmx1024M" "-Dspark.driver.port=49175" "org.apache.spark.executor.CoarseGrainedExecutorBackend" "--driver-url" "spark://CoarseGrainedScheduler@172.16.0.6:49175" "--executor-id" "0" "--hostname" "172.16.0.6" "--cores" "8" "--app-id" "app-20221116035018-0000" "--worker-url" "spark://Worker@172.16.0.6:65523"
22/11/16 03:50:34 INFO Worker: Executor app-20221116035018-0000/0 finished with state EXITED message Command exited with code 0 exitStatus 0
22/11/16 03:50:34 INFO ExternalShuffleBlockResolver: Clean up non-shuffle and non-RDD files associated with the finished executor 0
22/11/16 03:50:34 INFO ExternalShuffleBlockResolver: Executor is not registered (appId=app-20221116035018-0000, execId=0)
22/11/16 03:50:34 INFO Worker: Asked to kill unknown executor app-20221116035018-0000/0
22/11/16 03:50:34 INFO Worker: Cleaning up local directories for application app-20221116035018-0000
22/11/16 03:50:34 INFO ExternalShuffleBlockResolver: Application app-20221116035018-0000 removed, cleanupLocalDirs = true
22/11/16 03:50:57 INFO Worker: Asked to launch executor app-20221116035057-0001/0 for file1_DISK_ONLY
22/11/16 03:50:57 INFO SecurityManager: Changing view acls to: ravirajpurohit
22/11/16 03:50:57 INFO SecurityManager: Changing modify acls to: ravirajpurohit
22/11/16 03:50:57 INFO SecurityManager: Changing view acls groups to: 
22/11/16 03:50:57 INFO SecurityManager: Changing modify acls groups to: 
22/11/16 03:50:57 INFO SecurityManager: SecurityManager: authentication disabled; ui acls disabled; users  with view permissions: Set(ravirajpurohit); groups with view permissions: Set(); users  with modify permissions: Set(ravirajpurohit); groups with modify permissions: Set()
22/11/16 03:50:57 INFO ExecutorRunner: Launch command: "/Library/Java/JavaVirtualMachines/adoptopenjdk-8.jdk/Contents/Home/bin/java" "-cp" "/Users/ravirajpurohit/Downloads/Developer/MSCS/cc/spark-3.1.2-bin-hadoop3.2/conf/:/Users/ravirajpurohit/Downloads/Developer/MSCS/cc/spark-3.1.2-bin-hadoop3.2/jars/*" "-Xmx1024M" "-Dspark.driver.port=49203" "org.apache.spark.executor.CoarseGrainedExecutorBackend" "--driver-url" "spark://CoarseGrainedScheduler@172.16.0.6:49203" "--executor-id" "0" "--hostname" "172.16.0.6" "--cores" "8" "--app-id" "app-20221116035057-0001" "--worker-url" "spark://Worker@172.16.0.6:65523"
22/11/16 03:51:13 INFO Worker: Asked to kill executor app-20221116035057-0001/0
22/11/16 03:51:14 INFO ExecutorRunner: Runner thread for executor app-20221116035057-0001/0 interrupted
22/11/16 03:51:14 INFO ExecutorRunner: Killing process!
22/11/16 03:51:14 INFO Worker: Executor app-20221116035057-0001/0 finished with state KILLED exitStatus 143
22/11/16 03:51:14 INFO ExternalShuffleBlockResolver: Clean up non-shuffle and non-RDD files associated with the finished executor 0
22/11/16 03:51:14 INFO ExternalShuffleBlockResolver: Executor is not registered (appId=app-20221116035057-0001, execId=0)
22/11/16 03:51:14 INFO ExternalShuffleBlockResolver: Application app-20221116035057-0001 removed, cleanupLocalDirs = true
22/11/16 03:51:14 INFO Worker: Cleaning up local directories for application app-20221116035057-0001
22/11/16 03:54:05 INFO Worker: Asked to launch executor app-20221116035405-0002/0 for file1_MEMORY_ONLY
22/11/16 03:54:05 INFO SecurityManager: Changing view acls to: ravirajpurohit
22/11/16 03:54:05 INFO SecurityManager: Changing modify acls to: ravirajpurohit
22/11/16 03:54:05 INFO SecurityManager: Changing view acls groups to: 
22/11/16 03:54:05 INFO SecurityManager: Changing modify acls groups to: 
22/11/16 03:54:05 INFO SecurityManager: SecurityManager: authentication disabled; ui acls disabled; users  with view permissions: Set(ravirajpurohit); groups with view permissions: Set(); users  with modify permissions: Set(ravirajpurohit); groups with modify permissions: Set()
22/11/16 03:54:05 INFO ExecutorRunner: Launch command: "/Library/Java/JavaVirtualMachines/adoptopenjdk-8.jdk/Contents/Home/bin/java" "-cp" "/Users/ravirajpurohit/Downloads/Developer/MSCS/cc/spark-3.1.2-bin-hadoop3.2/conf/:/Users/ravirajpurohit/Downloads/Developer/MSCS/cc/spark-3.1.2-bin-hadoop3.2/jars/*" "-Xmx1024M" "-Dspark.driver.port=49234" "org.apache.spark.executor.CoarseGrainedExecutorBackend" "--driver-url" "spark://CoarseGrainedScheduler@172.16.0.6:49234" "--executor-id" "0" "--hostname" "172.16.0.6" "--cores" "8" "--app-id" "app-20221116035405-0002" "--worker-url" "spark://Worker@172.16.0.6:65523"
22/11/16 03:54:21 INFO Worker: Asked to kill executor app-20221116035405-0002/0
22/11/16 03:54:21 INFO ExecutorRunner: Runner thread for executor app-20221116035405-0002/0 interrupted
22/11/16 03:54:21 INFO ExecutorRunner: Killing process!
22/11/16 03:54:21 INFO Worker: Executor app-20221116035405-0002/0 finished with state KILLED exitStatus 143
22/11/16 03:54:21 INFO ExternalShuffleBlockResolver: Clean up non-shuffle and non-RDD files associated with the finished executor 0
22/11/16 03:54:21 INFO ExternalShuffleBlockResolver: Executor is not registered (appId=app-20221116035405-0002, execId=0)
22/11/16 03:54:21 INFO ExternalShuffleBlockResolver: Application app-20221116035405-0002 removed, cleanupLocalDirs = true
22/11/16 03:54:21 INFO Worker: Cleaning up local directories for application app-20221116035405-0002
22/11/16 04:14:56 ERROR Worker: RECEIVED SIGNAL TERM
22/11/16 04:14:56 INFO ExecutorRunner: Killing process!
22/11/16 04:14:56 INFO ShutdownHookManager: Shutdown hook called
22/11/16 04:14:56 INFO ShutdownHookManager: Deleting directory /private/var/folders/5h/15ddnjt54d3d9ss7ldf55hgc0000gn/T/spark-79a4a5a2-ca74-45e6-a48e-b1dbdbafe6a9
22/11/16 04:14:56 INFO Worker: Unknown Executor app-20221116035018-0000/0 finished with state EXITED message Worker shutting down exitStatus 0
